{"/Users/andycoupe/Repos/lazy-mouth/src/data-access/product.ts": {"path":"/Users/andycoupe/Repos/lazy-mouth/src/data-access/product.ts","statementMap":{"0":{"start":{"line":1,"column":0},"end":{"line":1,"column":57}},"1":{"start":{"line":4,"column":17},"end":{"line":4,"column":37}},"2":{"start":{"line":5,"column":26},"end":{"line":5,"column":67}},"3":{"start":{"line":7,"column":13},"end":{"line":10,"column":null}},"4":{"start":{"line":8,"column":2},"end":{"line":8,"column":null}},"5":{"start":{"line":9,"column":2},"end":{"line":9,"column":null}},"6":{"start":{"line":12,"column":13},"end":{"line":15,"column":null}},"7":{"start":{"line":13,"column":14},"end":{"line":13,"column":94}},"8":{"start":{"line":14,"column":2},"end":{"line":14,"column":null}}},"fnMap":{"0":{"name":"(anonymous_0)","decl":{"start":{"line":7,"column":29},"end":{"line":7,"column":34}},"loc":{"start":{"line":7,"column":56},"end":{"line":10,"column":1}}},"1":{"name":"(anonymous_1)","decl":{"start":{"line":12,"column":30},"end":{"line":12,"column":35}},"loc":{"start":{"line":12,"column":51},"end":{"line":15,"column":1}}}},"branchMap":{},"s":{"0":4,"1":4,"2":4,"3":4,"4":2,"5":2,"6":4,"7":2,"8":2},"f":{"0":2,"1":2},"b":{}}
,"/Users/andycoupe/Repos/lazy-mouth/src/handlers/http/add-product/add-product.ts": {"path":"/Users/andycoupe/Repos/lazy-mouth/src/handlers/http/add-product/add-product.ts","statementMap":{"0":{"start":{"line":2,"column":0},"end":{"line":2,"column":68}},"1":{"start":{"line":3,"column":0},"end":{"line":3,"column":62}},"2":{"start":{"line":12,"column":13},"end":{"line":28,"column":null}},"3":{"start":{"line":13,"column":2},"end":{"line":18,"column":null}},"4":{"start":{"line":14,"column":4},"end":{"line":17,"column":null}},"5":{"start":{"line":20,"column":27},"end":{"line":20,"column":49}},"6":{"start":{"line":22,"column":21},"end":{"line":22,"column":46}},"7":{"start":{"line":24,"column":2},"end":{"line":27,"column":null}},"8":{"start":{"line":30,"column":13},"end":{"line":30,"column":null}}},"fnMap":{"0":{"name":"(anonymous_0)","decl":{"start":{"line":12,"column":22},"end":{"line":12,"column":27}},"loc":{"start":{"line":12,"column":92},"end":{"line":28,"column":1}}}},"branchMap":{"0":{"loc":{"start":{"line":13,"column":2},"end":{"line":18,"column":null}},"type":"if","locations":[{"start":{"line":13,"column":2},"end":{"line":18,"column":null}},{"start":{"line":13,"column":2},"end":{"line":18,"column":null}}]}},"s":{"0":1,"1":1,"2":1,"3":4,"4":1,"5":3,"6":3,"7":2,"8":1},"f":{"0":4},"b":{"0":[1,3]}}
,"/Users/andycoupe/Repos/lazy-mouth/src/handlers/http/get-product/get-product.ts": {"path":"/Users/andycoupe/Repos/lazy-mouth/src/handlers/http/get-product/get-product.ts","statementMap":{"0":{"start":{"line":2,"column":0},"end":{"line":2,"column":68}},"1":{"start":{"line":3,"column":0},"end":{"line":3,"column":62}},"2":{"start":{"line":5,"column":13},"end":{"line":26,"column":null}},"3":{"start":{"line":6,"column":2},"end":{"line":11,"column":null}},"4":{"start":{"line":7,"column":4},"end":{"line":10,"column":null}},"5":{"start":{"line":13,"column":18},"end":{"line":13,"column":59}},"6":{"start":{"line":15,"column":2},"end":{"line":20,"column":null}},"7":{"start":{"line":16,"column":4},"end":{"line":19,"column":null}},"8":{"start":{"line":22,"column":2},"end":{"line":25,"column":null}},"9":{"start":{"line":28,"column":13},"end":{"line":28,"column":null}}},"fnMap":{"0":{"name":"(anonymous_0)","decl":{"start":{"line":5,"column":22},"end":{"line":5,"column":27}},"loc":{"start":{"line":5,"column":92},"end":{"line":26,"column":1}}}},"branchMap":{"0":{"loc":{"start":{"line":6,"column":2},"end":{"line":11,"column":null}},"type":"if","locations":[{"start":{"line":6,"column":2},"end":{"line":11,"column":null}},{"start":{"line":6,"column":2},"end":{"line":11,"column":null}}]},"1":{"loc":{"start":{"line":6,"column":27},"end":{"line":6,"column":29}},"type":"cond-expr","locations":[{"start":{"line":6,"column":27},"end":{"line":6,"column":29}},{"start":{"line":6,"column":27},"end":{"line":6,"column":31}}]},"2":{"loc":{"start":{"line":6,"column":6},"end":{"line":6,"column":29}},"type":"binary-expr","locations":[{"start":{"line":6,"column":6},"end":{"line":6,"column":29}},{"start":{"line":6,"column":27},"end":{"line":6,"column":29}}]},"3":{"loc":{"start":{"line":15,"column":2},"end":{"line":20,"column":null}},"type":"if","locations":[{"start":{"line":15,"column":2},"end":{"line":20,"column":null}},{"start":{"line":15,"column":2},"end":{"line":20,"column":null}}]}},"s":{"0":1,"1":1,"2":1,"3":5,"4":1,"5":4,"6":3,"7":2,"8":1,"9":1},"f":{"0":5},"b":{"0":[1,4],"1":[0,5],"2":[5,5],"3":[2,1]}}
,"/Users/andycoupe/Repos/lazy-mouth/src/services/product-service.ts": {"path":"/Users/andycoupe/Repos/lazy-mouth/src/services/product-service.ts","statementMap":{"0":{"start":{"line":1,"column":0},"end":{"line":1,"column":35}},"1":{"start":{"line":3,"column":0},"end":{"line":3,"column":70}},"2":{"start":{"line":6,"column":2},"end":{"line":11,"column":null}},"3":{"start":{"line":7,"column":4},"end":{"line":7,"column":null}},"4":{"start":{"line":9,"column":4},"end":{"line":9,"column":null}},"5":{"start":{"line":10,"column":4},"end":{"line":10,"column":null}},"6":{"start":{"line":5,"column":0},"end":{"line":5,"column":7}},"7":{"start":{"line":14,"column":13},"end":{"line":21,"column":null}},"8":{"start":{"line":15,"column":2},"end":{"line":20,"column":null}},"9":{"start":{"line":16,"column":4},"end":{"line":16,"column":null}},"10":{"start":{"line":18,"column":4},"end":{"line":18,"column":null}},"11":{"start":{"line":19,"column":4},"end":{"line":19,"column":null}}},"fnMap":{"0":{"name":"addProduct","decl":{"start":{"line":5,"column":22},"end":{"line":5,"column":32}},"loc":{"start":{"line":5,"column":49},"end":{"line":12,"column":1}}},"1":{"name":"(anonymous_1)","decl":{"start":{"line":14,"column":26},"end":{"line":14,"column":31}},"loc":{"start":{"line":14,"column":73},"end":{"line":21,"column":1}}}},"branchMap":{},"s":{"0":3,"1":3,"2":3,"3":3,"4":1,"5":1,"6":3,"7":3,"8":3,"9":3,"10":1,"11":1},"f":{"0":3,"1":3},"b":{}}
,"/Users/andycoupe/Repos/lazy-mouth/src/testing/test-helpers.ts": {"path":"/Users/andycoupe/Repos/lazy-mouth/src/testing/test-helpers.ts","statementMap":{"0":{"start":{"line":1,"column":13},"end":{"line":3,"column":null}},"1":{"start":{"line":2,"column":2},"end":{"line":2,"column":null}}},"fnMap":{"0":{"name":"(anonymous_0)","decl":{"start":{"line":1,"column":20},"end":{"line":1,"column":24}},"loc":{"start":{"line":1,"column":43},"end":{"line":3,"column":1}}}},"branchMap":{},"s":{"0":2,"1":9},"f":{"0":9},"b":{}}
}
