TN:
SF:src/data-access/product.ts
FN:7,(anonymous_0)
FN:12,(anonymous_1)
FNF:2
FNH:2
FNDA:2,(anonymous_0)
FNDA:2,(anonymous_1)
DA:1,4
DA:4,4
DA:5,4
DA:7,4
DA:8,2
DA:9,2
DA:12,4
DA:13,2
DA:14,2
LF:9
LH:9
BRF:0
BRH:0
end_of_record
TN:
SF:src/handlers/http/add-product/add-product.ts
FN:12,(anonymous_0)
FNF:1
FNH:1
FNDA:4,(anonymous_0)
DA:2,1
DA:3,1
DA:12,1
DA:13,4
DA:14,1
DA:20,3
DA:22,3
DA:24,2
DA:30,1
LF:9
LH:9
BRDA:13,0,0,1
BRDA:13,0,1,3
BRF:2
BRH:2
end_of_record
TN:
SF:src/handlers/http/get-product/get-product.ts
FN:5,(anonymous_0)
FNF:1
FNH:1
FNDA:5,(anonymous_0)
DA:2,1
DA:3,1
DA:5,1
DA:6,5
DA:7,1
DA:13,4
DA:15,3
DA:16,2
DA:22,1
DA:28,1
LF:10
LH:10
BRDA:6,0,0,1
BRDA:6,0,1,4
BRDA:6,1,0,0
BRDA:6,1,1,5
BRDA:6,2,0,5
BRDA:6,2,1,5
BRDA:15,3,0,2
BRDA:15,3,1,1
BRF:8
BRH:7
end_of_record
TN:
SF:src/services/product-service.ts
FN:5,addProduct
FN:14,(anonymous_1)
FNF:2
FNH:2
FNDA:3,addProduct
FNDA:3,(anonymous_1)
DA:1,3
DA:3,3
DA:5,3
DA:6,3
DA:7,3
DA:9,1
DA:10,1
DA:14,3
DA:15,3
DA:16,3
DA:18,1
DA:19,1
LF:12
LH:12
BRF:0
BRH:0
end_of_record
TN:
SF:src/testing/test-helpers.ts
FN:1,(anonymous_0)
FNF:1
FNH:1
FNDA:9,(anonymous_0)
DA:1,2
DA:2,9
LF:2
LH:2
BRF:0
BRH:0
end_of_record
